三月 10, 2016 10:59:17 上午 com.genuitec.pulse.client.deliverypackage.runtime.internal.Activator initializeLoggers
信息: Package starting up at Thu Mar 10 10:59:17 CST 2016
三月 10, 2016 10:59:19 上午 com.genuitec.pulse.client.deliverypackage.runtime.UpdatesService checkForWorkspaceUpdates
信息: Latest version of package has already been enabled in the workspace; check finished in 31ms
三月 10, 2016 11:02:46 上午 org.hibernate.eclipse.HibernatePlugin start
信息: HibernatePlugin Started
三月 10, 2016 11:02:47 上午 org.springframework.beans.factory.xml.XmlBeanDefinitionReader loadBeanDefinitions
信息: Loading XML bean definitions from file [F:/BigData-youth/BigData/src/applicationContext.xml]
三月 10, 2016 11:02:50 上午 org.springframework.beans.factory.xml.XmlBeanDefinitionReader loadBeanDefinitions
信息: Loading XML bean definitions from file [F:/BigData-youth/BigData/src/web-context.xml]
三月 10, 2016 11:02:50 上午 org.springframework.beans.factory.xml.XmlBeanDefinitionReader loadBeanDefinitions
信息: Loading XML bean definitions from file [F:/BigData-youth/BigData/src/web-context.xml]
三月 10, 2016 11:02:51 上午 org.springframework.beans.factory.xml.XmlBeanDefinitionReader loadBeanDefinitions
信息: Loading XML bean definitions from file [F:/BigData-youth/BigData/src/applicationContext.xml]
三月 10, 2016 11:02:54 上午 org.springframework.beans.factory.xml.XmlBeanDefinitionReader loadBeanDefinitions
信息: Loading XML bean definitions from file [F:/BigData-youth/BigData/src/web-context.xml]
三月 10, 2016 11:02:54 上午 org.springframework.beans.factory.xml.XmlBeanDefinitionReader loadBeanDefinitions
信息: Loading XML bean definitions from file [F:/BigData-youth/BigData/src/applicationContext.xml]
三月 10, 2016 11:05:19 上午 org.springframework.beans.factory.xml.XmlBeanDefinitionReader loadBeanDefinitions
信息: Loading XML bean definitions from file [F:/BigData-youth/BigData/src/web-context.xml]
三月 10, 2016 11:05:20 上午 org.springframework.beans.factory.xml.XmlBeanDefinitionReader loadBeanDefinitions
信息: Loading XML bean definitions from file [F:/BigData-youth/BigData/src/applicationContext.xml]
三月 10, 2016 11:09:50 上午 org.springframework.beans.factory.xml.XmlBeanDefinitionReader loadBeanDefinitions
信息: Loading XML bean definitions from file [F:/BigData-youth/BigData/src/web-context.xml]
三月 10, 2016 11:09:50 上午 org.springframework.beans.factory.xml.XmlBeanDefinitionReader loadBeanDefinitions
信息: Loading XML bean definitions from file [F:/BigData-youth/BigData/src/applicationContext.xml]
三月 10, 2016 12:50:25 下午 org.springframework.beans.factory.xml.XmlBeanDefinitionReader loadBeanDefinitions
信息: Loading XML bean definitions from file [F:/BigData-youth/BigData/src/web-context.xml]
三月 10, 2016 12:50:26 下午 org.springframework.beans.factory.xml.XmlBeanDefinitionReader loadBeanDefinitions
信息: Loading XML bean definitions from file [F:/BigData-youth/BigData/src/applicationContext.xml]
三月 10, 2016 12:54:40 下午 org.springframework.beans.factory.xml.XmlBeanDefinitionReader loadBeanDefinitions
信息: Loading XML bean definitions from file [F:/BigData-youth/BigData/src/web-context.xml]
三月 10, 2016 12:54:41 下午 org.springframework.beans.factory.xml.XmlBeanDefinitionReader loadBeanDefinitions
信息: Loading XML bean definitions from file [F:/BigData-youth/BigData/src/applicationContext.xml]
三月 10, 2016 12:55:19 下午 org.springframework.beans.factory.xml.XmlBeanDefinitionReader loadBeanDefinitions
信息: Loading XML bean definitions from file [F:/BigData-youth/BigData/src/web-context.xml]
三月 10, 2016 12:55:20 下午 org.springframework.beans.factory.xml.XmlBeanDefinitionReader loadBeanDefinitions
信息: Loading XML bean definitions from file [F:/BigData-youth/BigData/src/applicationContext.xml]
三月 10, 2016 12:55:23 下午 org.springframework.beans.factory.xml.XmlBeanDefinitionReader loadBeanDefinitions
信息: Loading XML bean definitions from file [F:/BigData-youth/BigData/src/web-context.xml]
三月 10, 2016 12:55:23 下午 org.springframework.beans.factory.xml.XmlBeanDefinitionReader loadBeanDefinitions
信息: Loading XML bean definitions from file [F:/BigData-youth/BigData/src/applicationContext.xml]
三月 10, 2016 12:55:34 下午 org.springframework.beans.factory.xml.XmlBeanDefinitionReader loadBeanDefinitions
信息: Loading XML bean definitions from file [F:/BigData-youth/BigData/src/web-context.xml]
三月 10, 2016 12:55:35 下午 org.springframework.beans.factory.xml.XmlBeanDefinitionReader loadBeanDefinitions
信息: Loading XML bean definitions from file [F:/BigData-youth/BigData/src/applicationContext.xml]
三月 10, 2016 12:55:41 下午 org.springframework.beans.factory.xml.XmlBeanDefinitionReader loadBeanDefinitions
信息: Loading XML bean definitions from file [F:/BigData-youth/BigData/src/web-context.xml]
三月 10, 2016 12:55:41 下午 org.springframework.beans.factory.xml.XmlBeanDefinitionReader loadBeanDefinitions
信息: Loading XML bean definitions from file [F:/BigData-youth/BigData/src/applicationContext.xml]
三月 10, 2016 12:55:45 下午 org.springframework.beans.factory.xml.XmlBeanDefinitionReader loadBeanDefinitions
信息: Loading XML bean definitions from file [F:/BigData-youth/BigData/src/web-context.xml]
三月 10, 2016 12:55:46 下午 org.springframework.beans.factory.xml.XmlBeanDefinitionReader loadBeanDefinitions
信息: Loading XML bean definitions from file [F:/BigData-youth/BigData/src/applicationContext.xml]
三月 10, 2016 12:56:41 下午 org.springframework.beans.factory.xml.XmlBeanDefinitionReader loadBeanDefinitions
信息: Loading XML bean definitions from file [F:/BigData-youth/BigData/src/web-context.xml]
三月 10, 2016 12:56:42 下午 org.springframework.beans.factory.xml.XmlBeanDefinitionReader loadBeanDefinitions
信息: Loading XML bean definitions from file [F:/BigData-youth/BigData/src/applicationContext.xml]
三月 10, 2016 12:59:32 下午 org.springframework.beans.factory.xml.XmlBeanDefinitionReader loadBeanDefinitions
信息: Loading XML bean definitions from file [F:/BigData-youth/BigData/src/web-context.xml]
三月 10, 2016 12:59:32 下午 org.springframework.beans.factory.xml.XmlBeanDefinitionReader loadBeanDefinitions
信息: Loading XML bean definitions from file [F:/BigData-youth/BigData/src/applicationContext.xml]
三月 10, 2016 1:00:37 下午 org.springframework.beans.factory.xml.XmlBeanDefinitionReader loadBeanDefinitions
信息: Loading XML bean definitions from file [F:/BigData-youth/BigData/src/web-context.xml]
三月 10, 2016 1:00:37 下午 org.springframework.beans.factory.xml.XmlBeanDefinitionReader loadBeanDefinitions
信息: Loading XML bean definitions from file [F:/BigData-youth/BigData/src/applicationContext.xml]
三月 10, 2016 1:00:58 下午 org.springframework.beans.factory.xml.XmlBeanDefinitionReader loadBeanDefinitions
信息: Loading XML bean definitions from file [F:/BigData-youth/BigData/src/web-context.xml]
三月 10, 2016 1:00:59 下午 org.springframework.beans.factory.xml.XmlBeanDefinitionReader loadBeanDefinitions
信息: Loading XML bean definitions from file [F:/BigData-youth/BigData/src/applicationContext.xml]
三月 10, 2016 1:01:37 下午 org.springframework.beans.factory.xml.XmlBeanDefinitionReader loadBeanDefinitions
信息: Loading XML bean definitions from file [F:/BigData-youth/BigData/src/web-context.xml]
三月 10, 2016 1:01:37 下午 org.springframework.beans.factory.xml.XmlBeanDefinitionReader loadBeanDefinitions
信息: Loading XML bean definitions from file [F:/BigData-youth/BigData/src/applicationContext.xml]
三月 10, 2016 1:02:10 下午 org.springframework.beans.factory.xml.XmlBeanDefinitionReader loadBeanDefinitions
信息: Loading XML bean definitions from file [F:/BigData-youth/BigData/src/web-context.xml]
三月 10, 2016 1:02:11 下午 org.springframework.beans.factory.xml.XmlBeanDefinitionReader loadBeanDefinitions
信息: Loading XML bean definitions from file [F:/BigData-youth/BigData/src/applicationContext.xml]
三月 10, 2016 1:02:38 下午 org.springframework.beans.factory.xml.XmlBeanDefinitionReader loadBeanDefinitions
信息: Loading XML bean definitions from file [F:/BigData-youth/BigData/src/web-context.xml]
三月 10, 2016 1:02:39 下午 org.springframework.beans.factory.xml.XmlBeanDefinitionReader loadBeanDefinitions
信息: Loading XML bean definitions from file [F:/BigData-youth/BigData/src/applicationContext.xml]
三月 10, 2016 1:10:10 下午 org.springframework.beans.factory.xml.XmlBeanDefinitionReader loadBeanDefinitions
信息: Loading XML bean definitions from file [F:/BigData-youth/BigData/src/web-context.xml]
三月 10, 2016 1:10:11 下午 org.springframework.beans.factory.xml.XmlBeanDefinitionReader loadBeanDefinitions
信息: Loading XML bean definitions from file [F:/BigData-youth/BigData/src/applicationContext.xml]
三月 10, 2016 1:48:03 下午 org.springframework.beans.factory.xml.XmlBeanDefinitionReader loadBeanDefinitions
信息: Loading XML bean definitions from file [F:/BigData-youth/BigData/src/web-context.xml]
三月 10, 2016 1:48:03 下午 org.springframework.beans.factory.xml.XmlBeanDefinitionReader loadBeanDefinitions
信息: Loading XML bean definitions from file [F:/BigData-youth/BigData/src/applicationContext.xml]
三月 10, 2016 2:02:06 下午 org.springframework.beans.factory.xml.XmlBeanDefinitionReader loadBeanDefinitions
信息: Loading XML bean definitions from file [F:/BigData-youth/BigData/src/web-context.xml]
三月 10, 2016 2:02:07 下午 org.springframework.beans.factory.xml.XmlBeanDefinitionReader loadBeanDefinitions
信息: Loading XML bean definitions from file [F:/BigData-youth/BigData/src/applicationContext.xml]
三月 10, 2016 2:02:13 下午 org.springframework.beans.factory.xml.XmlBeanDefinitionReader loadBeanDefinitions
信息: Loading XML bean definitions from file [F:/BigData-youth/BigData/src/web-context.xml]
三月 10, 2016 2:02:14 下午 org.springframework.beans.factory.xml.XmlBeanDefinitionReader loadBeanDefinitions
信息: Loading XML bean definitions from file [F:/BigData-youth/BigData/src/applicationContext.xml]
